<?xml version="1.0" encoding="UTF-8"?>
<!-- Generated by org.testng.reporters.JUnitReportReporter -->
<testsuite skipped="0" hostname="Innoraft" name="run.TempRun2" tests="1" failures="0" timestamp="20 Dec 2019 12:10:12 GMT" time="1.942" errors="0">
  <testcase name="rowCountTest" time="1.942" classname="run.TempRun2"/>
</testsuite> <!-- run.TempRun2 -->
