<?xml version="1.0" encoding="UTF-8"?>
<!-- Generated by org.testng.reporters.JUnitReportReporter -->
<testsuite skipped="0" hostname="Innoraft" name="com.innoraft.hcl_sto.sto_automation.AppTest" tests="1" failures="0" timestamp="06 Nov 2019 12:53:35 GMT" time="0.024" errors="0">
  <testcase name="runApp" time="0.024" classname="com.innoraft.hcl_sto.sto_automation.AppTest"/>
</testsuite> <!-- com.innoraft.hcl_sto.sto_automation.AppTest -->
