<?xml version="1.0" encoding="UTF-8"?>
<!-- Generated by org.testng.reporters.JUnitReportReporter -->
<testsuite skipped="0" hostname="Innoraft" name="com.sto.DriverFactory.AppTest" tests="1" failures="0" timestamp="30 Dec 2019 06:39:48 GMT" time="71.003" errors="0">
  <testcase name="kickStart" time="71.003" classname="com.sto.DriverFactory.AppTest"/>
</testsuite> <!-- com.sto.DriverFactory.AppTest -->
